<?xml version="1.0" encoding="UTF-8"?>
<!-- Generated by org.testng.reporters.JUnitXMLReporter -->
<testsuite hostname="Pranita-PC" ignored="0" name="Error Validation Test " tests="2" failures="1" timestamp="23 Feb 2023 16:06:31 GMT" time="27.149" errors="0">
  <testcase name="testToVerifyLoginWithIncorrectUserNameAndPwd" time="0.334" classname="automation.ui.ErrorValidationTest">
    <failure type="java.lang.AssertionError" message="expected [Incorrect email or password.] but found []">
      <![CDATA[java.lang.AssertionError: expected [Incorrect email or password.] but found []
at automation.ui.ErrorValidationTest.testToVerifyLoginWithIncorrectUserNameAndPwd(ErrorValidationTest.java:15)
... Removed 31 stack frames]]>
    </failure>
  </testcase> <!-- testToVerifyLoginWithIncorrectUserNameAndPwd -->
  <testcase name="testToVerifyProductGetsAddedToTheCart" time="23.449" classname="automation.ui.ErrorValidationTest"/>
</testsuite> <!-- Error Validation Test  -->
