<?xml version="1.0" encoding="UTF-8"?>
<testng-results skipped="0" failed="1" ignored="0" total="3" passed="2">
  <reporter-output>
  </reporter-output>
  <suite name="Suite" duration-ms="52340" started-at="2023-02-23T16:06:04Z" finished-at="2023-02-23T16:06:57Z">
    <groups>
    </groups>
    <test name="Error Validation Test " duration-ms="27149" started-at="2023-02-23T16:06:04Z" finished-at="2023-02-23T16:06:31Z">
      <class name="automation.ui.ErrorValidationTest">
        <test-method status="PASS" signature="launchApplication()[pri:0, instance:automation.ui.ErrorValidationTest@290d210d]" name="launchApplication" is-config="true" duration-ms="1707" started-at="2023-02-23T16:06:04Z" finished-at="2023-02-23T16:06:06Z">
          <reporter-output>
          </reporter-output>
        </test-method> <!-- launchApplication -->
        <test-method status="FAIL" signature="testToVerifyLoginWithIncorrectUserNameAndPwd()[pri:0, instance:automation.ui.ErrorValidationTest@290d210d]" name="testToVerifyLoginWithIncorrectUserNameAndPwd" duration-ms="334" started-at="2023-02-23T16:06:06Z" finished-at="2023-02-23T16:06:06Z">
          <exception class="java.lang.AssertionError">
            <message>
              <![CDATA[expected [Incorrect email or password.] but found []]]>
            </message>
            <full-stacktrace>
              <![CDATA[java.lang.AssertionError: expected [Incorrect email or password.] but found []
at org.testng.Assert.fail(Assert.java:96)
at org.testng.Assert.failNotEquals(Assert.java:776)
at org.testng.Assert.assertEqualsImpl(Assert.java:137)
at org.testng.Assert.assertEquals(Assert.java:118)
at org.testng.Assert.assertEquals(Assert.java:453)
at org.testng.Assert.assertEquals(Assert.java:463)
at automation.ui.ErrorValidationTest.testToVerifyLoginWithIncorrectUserNameAndPwd(ErrorValidationTest.java:15)
at sun.reflect.NativeMethodAccessorImpl.invoke0(Native Method)
at sun.reflect.NativeMethodAccessorImpl.invoke(Unknown Source)
at sun.reflect.DelegatingMethodAccessorImpl.invoke(Unknown Source)
at java.lang.reflect.Method.invoke(Unknown Source)
at org.testng.internal.MethodInvocationHelper.invokeMethod(MethodInvocationHelper.java:124)
at org.testng.internal.Invoker.invokeMethod(Invoker.java:583)
at org.testng.internal.Invoker.invokeTestMethod(Invoker.java:719)
at org.testng.internal.Invoker.invokeTestMethods(Invoker.java:989)
at org.testng.internal.TestMethodWorker.invokeTestMethods(TestMethodWorker.java:125)
at org.testng.internal.TestMethodWorker.run(TestMethodWorker.java:109)
at org.testng.TestRunner.privateRun(TestRunner.java:648)
at org.testng.TestRunner.run(TestRunner.java:505)
at org.testng.SuiteRunner.runTest(SuiteRunner.java:455)
at org.testng.SuiteRunner.runSequentially(SuiteRunner.java:450)
at org.testng.SuiteRunner.privateRun(SuiteRunner.java:415)
at org.testng.SuiteRunner.run(SuiteRunner.java:364)
at org.testng.SuiteRunnerWorker.runSuite(SuiteRunnerWorker.java:52)
at org.testng.SuiteRunnerWorker.run(SuiteRunnerWorker.java:84)
at org.testng.TestNG.runSuitesSequentially(TestNG.java:1208)
at org.testng.TestNG.runSuitesLocally(TestNG.java:1137)
at org.testng.TestNG.runSuites(TestNG.java:1049)
at org.testng.TestNG.run(TestNG.java:1017)
at org.testng.remote.AbstractRemoteTestNG.run(AbstractRemoteTestNG.java:115)
at org.testng.remote.RemoteTestNG.initAndRun(RemoteTestNG.java:251)
at org.testng.remote.RemoteTestNG.main(RemoteTestNG.java:77)
]]>
            </full-stacktrace>
          </exception> <!-- java.lang.AssertionError -->
          <reporter-output>
          </reporter-output>
        </test-method> <!-- testToVerifyLoginWithIncorrectUserNameAndPwd -->
        <test-method status="PASS" signature="tearDown()[pri:0, instance:automation.ui.ErrorValidationTest@290d210d]" name="tearDown" is-config="true" duration-ms="77" started-at="2023-02-23T16:06:06Z" finished-at="2023-02-23T16:06:06Z">
          <reporter-output>
          </reporter-output>
        </test-method> <!-- tearDown -->
        <test-method status="PASS" signature="launchApplication()[pri:0, instance:automation.ui.ErrorValidationTest@290d210d]" name="launchApplication" is-config="true" duration-ms="1441" started-at="2023-02-23T16:06:06Z" finished-at="2023-02-23T16:06:08Z">
          <reporter-output>
          </reporter-output>
        </test-method> <!-- launchApplication -->
        <test-method status="PASS" signature="testToVerifyProductGetsAddedToTheCart()[pri:0, instance:automation.ui.ErrorValidationTest@290d210d]" name="testToVerifyProductGetsAddedToTheCart" duration-ms="23449" started-at="2023-02-23T16:06:08Z" finished-at="2023-02-23T16:06:31Z">
          <reporter-output>
          </reporter-output>
        </test-method> <!-- testToVerifyProductGetsAddedToTheCart -->
        <test-method status="PASS" signature="tearDown()[pri:0, instance:automation.ui.ErrorValidationTest@290d210d]" name="tearDown" is-config="true" duration-ms="130" started-at="2023-02-23T16:06:31Z" finished-at="2023-02-23T16:06:31Z">
          <reporter-output>
          </reporter-output>
        </test-method> <!-- tearDown -->
      </class> <!-- automation.ui.ErrorValidationTest -->
    </test> <!-- Error Validation Test  -->
    <test name="Submit Order Test" duration-ms="25191" started-at="2023-02-23T16:06:31Z" finished-at="2023-02-23T16:06:57Z">
      <class name="automation.ui.SubmitOrderTest">
        <test-method status="PASS" signature="launchApplication()[pri:0, instance:automation.ui.SubmitOrderTest@38c5cc4c]" name="launchApplication" is-config="true" duration-ms="1035" started-at="2023-02-23T16:06:31Z" finished-at="2023-02-23T16:06:33Z">
          <reporter-output>
          </reporter-output>
        </test-method> <!-- launchApplication -->
        <test-method status="PASS" signature="endToEndBasicTest()[pri:0, instance:automation.ui.SubmitOrderTest@38c5cc4c]" name="endToEndBasicTest" duration-ms="24085" started-at="2023-02-23T16:06:33Z" finished-at="2023-02-23T16:06:57Z">
          <reporter-output>
          </reporter-output>
        </test-method> <!-- endToEndBasicTest -->
        <test-method status="PASS" signature="tearDown()[pri:0, instance:automation.ui.SubmitOrderTest@38c5cc4c]" name="tearDown" is-config="true" duration-ms="71" started-at="2023-02-23T16:06:57Z" finished-at="2023-02-23T16:06:57Z">
          <reporter-output>
          </reporter-output>
        </test-method> <!-- tearDown -->
      </class> <!-- automation.ui.SubmitOrderTest -->
    </test> <!-- Submit Order Test -->
  </suite> <!-- Suite -->
</testng-results>
